-------------------------------------------------------------------------------
Test set: br.com.luisdet.Runners.Runner
-------------------------------------------------------------------------------
Tests run: 21, Failures: 0, Errors: 11, Skipped: 10, Time elapsed: 3.737 s <<< FAILURE! - in br.com.luisdet.Runners.Runner
| 001 | 001 | Check Page text is display | Github Username |.Given open the test environment "http://localhost:3000/"  Time elapsed: 0.005 s  <<< ERROR!
java.lang.IllegalStateException: The driver executable does not exist: /usr/local/bin/chromedriver

| 001 | 001 | Check Page text is display | Github Username |  Time elapsed: 0.005 s  <<< ERROR!
java.lang.IllegalStateException: The driver executable does not exist: /usr/local/bin/chromedriver

| 001 | 002 | Check Page text inst display | Github Username Luis |.Given open the test environment "http://localhost:3000/"  Time elapsed: 0 s  <<< ERROR!
java.lang.IllegalStateException: The driver executable does not exist: /usr/local/bin/chromedriver

| 001 | 002 | Check Page text inst display | Github Username Luis |  Time elapsed: 0 s  <<< ERROR!
java.lang.IllegalStateException: The driver executable does not exist: /usr/local/bin/chromedriver

| 002 | 001 | Search for a repo in input field and check result | 1 | discourse_docker |.Given open the test environment "http://localhost:3000/"  Time elapsed: 0 s  <<< ERROR!
java.lang.IllegalStateException: The driver executable does not exist: /usr/local/bin/chromedriver

| 002 | 001 | Search for a repo in input field and check result | 1 | discourse_docker |  Time elapsed: 0 s  <<< ERROR!
java.lang.IllegalStateException: The driver executable does not exist: /usr/local/bin/chromedriver

| 002 | 001 | Search for a repo in input field and check result | 11 | 2D-Platformer-Engine | GuodGameEngine |.Given open the test environment "http://localhost:3000/"  Time elapsed: 0.001 s  <<< ERROR!
java.lang.IllegalStateException: The driver executable does not exist: /usr/local/bin/chromedriver

| 002 | 001 | Search for a repo in input field and check result | 11 | 2D-Platformer-Engine | GuodGameEngine |  Time elapsed: 0.001 s  <<< ERROR!
java.lang.IllegalStateException: The driver executable does not exist: /usr/local/bin/chromedriver

| 002 | 001 | Search for a repo in input field and check result | 11 | 2D-Platformer-Engine | test123 |.Given open the test environment "http://localhost:3000/"  Time elapsed: 0 s  <<< ERROR!
java.lang.IllegalStateException: The driver executable does not exist: /usr/local/bin/chromedriver

| 002 | 001 | Search for a repo in input field and check result | 11 | 2D-Platformer-Engine | test123 |  Time elapsed: 0.001 s  <<< ERROR!
java.lang.IllegalStateException: The driver executable does not exist: /usr/local/bin/chromedriver

br.com.luisdet.Runners.Runner  Time elapsed: 0.033 s  <<< ERROR!
java.lang.NullPointerException

