<?xml version="1.0" encoding="UTF-8"?>
<testsuite xmlns:xsi="http://www.w3.org/2001/XMLSchema-instance" xsi:noNamespaceSchemaLocation="https://maven.apache.org/surefire/maven-surefire-plugin/xsd/surefire-test-report-3.0.xsd" version="3.0" name="br.com.luisdet.Runners.Runner" time="3.737" tests="21" errors="11" skipped="10" failures="0">
  <properties>
[...]
</properties>
  <testcase name="Given open the test environment &quot;http://localhost:3000/&quot;" classname="| 001 | 001 | Check Page text is display | Github Username |" time="0.005">
    <error message="The driver executable does not exist: /usr/local/bin/chromedriver" type="java.lang.IllegalStateException"><![CDATA[java.lang.IllegalStateException: The driver executable does not exist: /usr/local/bin/chromedriver
]]></error>
    <system-out><![CDATA[#####################################################################################}
                  {STARTING AUTOMATION WAIT PLS - }
#####################################################################################}
Feature: Dev Test Cases

  @regressive @e2e
  Scenario Outline: TS:["<TS>"] - [health Check Page]  - "<Scenario>" - "<Description>" # devtest.feature:8
    When check message on screen "<message>"

    Examples: 
]]></system-out>
  </testcase>
  <testcase name="" classname="| 001 | 001 | Check Page text is display | Github Username |" time="0.005">
    <error message="The driver executable does not exist: /usr/local/bin/chromedriver" type="java.lang.IllegalStateException"><![CDATA[java.lang.IllegalStateException: The driver executable does not exist: /usr/local/bin/chromedriver
]]></error>
  </testcase>
  <testcase name="When check message on screen &quot;Github Username&quot;" classname="| 001 | 001 | Check Page text is display | Github Username |" time="0">
    <skipped/>
    <system-out><![CDATA[
  Background:                                                # devtest.feature:3
    Given open the test environment "http://localhost:3000/" # searchPageSteps.openTheTestEnvironment(String)
      java.lang.IllegalStateException: The driver executable does not exist: /usr/local/bin/chromedriver
      	at com.google.common.base.Preconditions.checkState(Preconditions.java:589)
      	at org.openqa.selenium.remote.service.DriverService.checkExecutable(DriverService.java:137)
      	at org.openqa.selenium.remote.service.DriverService.findExecutable(DriverService.java:132)
      	at org.openqa.selenium.chrome.ChromeDriverService.access$000(ChromeDriverService.java:32)
      	at org.openqa.selenium.chrome.ChromeDriverService$Builder.findDefaultExecutable(ChromeDriverService.java:137)
      	at org.openqa.selenium.remote.service.DriverService$Builder.build(DriverService.java:346)
      	at org.openqa.selenium.chrome.ChromeDriverService.createDefaultService(ChromeDriverService.java:88)
      	at org.openqa.selenium.chrome.ChromeDriver.<init>(ChromeDriver.java:158)
      	at br.com.luisdet.interfaces.Driverfactory.OpenBrowserChrome(Driverfactory.java:45)
      	at br.com.luisdet.interfaces.Driverfactory.getDriver(Driverfactory.java:21)
      	at br.com.luisdet.Steps.searchPageSteps.openTheTestEnvironment(searchPageSteps.java:16)
      	at ✽.Given open the test environment "http://localhost:3000/"(devtest.feature:4)

]]></system-out>
  </testcase>
  <testcase name="Given open the test environment &quot;http://localhost:3000/&quot;" classname="| 001 | 002 | Check Page text inst display | Github Username Luis |" time="0">
    <error message="The driver executable does not exist: /usr/local/bin/chromedriver" type="java.lang.IllegalStateException"><![CDATA[java.lang.IllegalStateException: The driver executable does not exist: /usr/local/bin/chromedriver
]]></error>
    <system-out><![CDATA[
  @regressive @e2e
  Scenario Outline: TS:["001"] - [health Check Page]  - "001" - "Check Page text is display" # devtest.feature:12
    When check message on screen "Github Username"                                           # searchPageSteps.checkMessageOnScreen(String)
]]></system-out>
  </testcase>
  <testcase name="" classname="| 001 | 002 | Check Page text inst display | Github Username Luis |" time="0">
    <error message="The driver executable does not exist: /usr/local/bin/chromedriver" type="java.lang.IllegalStateException"><![CDATA[java.lang.IllegalStateException: The driver executable does not exist: /usr/local/bin/chromedriver
]]></error>
  </testcase>
  <testcase name="When check message on screen &quot;Github Username Luis&quot;" classname="| 001 | 002 | Check Page text inst display | Github Username Luis |" time="0">
    <skipped/>
    <system-out><![CDATA[
  Background:                                                # devtest.feature:3
    Given open the test environment "http://localhost:3000/" # searchPageSteps.openTheTestEnvironment(String)
      java.lang.IllegalStateException: The driver executable does not exist: /usr/local/bin/chromedriver
      	at com.google.common.base.Preconditions.checkState(Preconditions.java:589)
      	at org.openqa.selenium.remote.service.DriverService.checkExecutable(DriverService.java:137)
      	at org.openqa.selenium.remote.service.DriverService.findExecutable(DriverService.java:132)
      	at org.openqa.selenium.chrome.ChromeDriverService.access$000(ChromeDriverService.java:32)
      	at org.openqa.selenium.chrome.ChromeDriverService$Builder.findDefaultExecutable(ChromeDriverService.java:137)
      	at org.openqa.selenium.remote.service.DriverService$Builder.build(DriverService.java:346)
      	at org.openqa.selenium.chrome.ChromeDriverService.createDefaultService(ChromeDriverService.java:88)
      	at org.openqa.selenium.chrome.ChromeDriver.<init>(ChromeDriver.java:158)
      	at br.com.luisdet.interfaces.Driverfactory.OpenBrowserChrome(Driverfactory.java:45)
      	at br.com.luisdet.interfaces.Driverfactory.getDriver(Driverfactory.java:21)
      	at br.com.luisdet.Steps.searchPageSteps.openTheTestEnvironment(searchPageSteps.java:16)
      	at ✽.Given open the test environment "http://localhost:3000/"(devtest.feature:4)

]]></system-out>
  </testcase>
  <testcase name="Given open the test environment &quot;http://localhost:3000/&quot;" classname="| 002 | 001 | Search for a repo in input field and check result | 1 | discourse_docker |" time="0">
    <error message="The driver executable does not exist: /usr/local/bin/chromedriver" type="java.lang.IllegalStateException"><![CDATA[java.lang.IllegalStateException: The driver executable does not exist: /usr/local/bin/chromedriver
]]></error>
    <system-out><![CDATA[
  @regressive @e2e
  Scenario Outline: TS:["001"] - [health Check Page]  - "002" - "Check Page text inst display" # devtest.feature:13
    When check message on screen "Github Username Luis"                                        # searchPageSteps.checkMessageOnScreen(String)

  @regressive1 @e2e
  Scenario Outline: TS:["<TS>"] - [Check Result Page]  - "<Scenario>" - "<Description>" # devtest.feature:16
    When search for a repo "<repo>"
    When check message on screen "<message>"

    Examples: 
]]></system-out>
  </testcase>
  <testcase name="" classname="| 002 | 001 | Search for a repo in input field and check result | 1 | discourse_docker |" time="0">
    <error message="The driver executable does not exist: /usr/local/bin/chromedriver" type="java.lang.IllegalStateException"><![CDATA[java.lang.IllegalStateException: The driver executable does not exist: /usr/local/bin/chromedriver
]]></error>
  </testcase>
  <testcase name="When search for a repo &quot;1&quot;" classname="| 002 | 001 | Search for a repo in input field and check result | 1 | discourse_docker |" time="0">
    <skipped/>
    <system-out><![CDATA[
  Background:                                                # devtest.feature:3
    Given open the test environment "http://localhost:3000/" # searchPageSteps.openTheTestEnvironment(String)
      java.lang.IllegalStateException: The driver executable does not exist: /usr/local/bin/chromedriver
      	at com.google.common.base.Preconditions.checkState(Preconditions.java:589)
      	at org.openqa.selenium.remote.service.DriverService.checkExecutable(DriverService.java:137)
      	at org.openqa.selenium.remote.service.DriverService.findExecutable(DriverService.java:132)
      	at org.openqa.selenium.chrome.ChromeDriverService.access$000(ChromeDriverService.java:32)
      	at org.openqa.selenium.chrome.ChromeDriverService$Builder.findDefaultExecutable(ChromeDriverService.java:137)
      	at org.openqa.selenium.remote.service.DriverService$Builder.build(DriverService.java:346)
      	at org.openqa.selenium.chrome.ChromeDriverService.createDefaultService(ChromeDriverService.java:88)
      	at org.openqa.selenium.chrome.ChromeDriver.<init>(ChromeDriver.java:158)
      	at br.com.luisdet.interfaces.Driverfactory.OpenBrowserChrome(Driverfactory.java:45)
      	at br.com.luisdet.interfaces.Driverfactory.getDriver(Driverfactory.java:21)
      	at br.com.luisdet.Steps.searchPageSteps.openTheTestEnvironment(searchPageSteps.java:16)
      	at ✽.Given open the test environment "http://localhost:3000/"(devtest.feature:4)

]]></system-out>
  </testcase>
  <testcase name="When check message on screen &quot;discourse_docker&quot;" classname="| 002 | 001 | Search for a repo in input field and check result | 1 | discourse_docker |" time="0">
    <skipped/>
  </testcase>
  <testcase name="Given open the test environment &quot;http://localhost:3000/&quot;" classname="| 002 | 001 | Search for a repo in input field and check result | 11 | 2D-Platformer-Engine | GuodGameEngine |" time="0.001">
    <error message="The driver executable does not exist: /usr/local/bin/chromedriver" type="java.lang.IllegalStateException"><![CDATA[java.lang.IllegalStateException: The driver executable does not exist: /usr/local/bin/chromedriver
]]></error>
    <system-out><![CDATA[
  @regressive1 @e2e
  Scenario Outline: TS:["002"] - [Check Result Page]  - "001" - "Search for a repo in input field and check result" # devtest.feature:21
    When search for a repo "1"                                                                                      # searchPageSteps.searchForARepoRepo(String)
    When check message on screen "discourse_docker"                                                                 # searchPageSteps.checkMessageOnScreen(String)

  @regressive2 @e2e
  Scenario Outline: TS:["<TS>"] - [Check Result Page]  - "<Scenario>" - "<Description>" # devtest.feature:26
    When search for a repo "<repo>"
    And navigate on repo "<result>"
    When check message on screen github "<message>"

    Examples: 
]]></system-out>
  </testcase>
  <testcase name="" classname="| 002 | 001 | Search for a repo in input field and check result | 11 | 2D-Platformer-Engine | GuodGameEngine |" time="0.001">
    <error message="The driver executable does not exist: /usr/local/bin/chromedriver" type="java.lang.IllegalStateException"><![CDATA[java.lang.IllegalStateException: The driver executable does not exist: /usr/local/bin/chromedriver
]]></error>
  </testcase>
  <testcase name="When search for a repo &quot;11&quot;" classname="| 002 | 001 | Search for a repo in input field and check result | 11 | 2D-Platformer-Engine | GuodGameEngine |" time="0">
    <skipped/>
    <system-out><![CDATA[
  Background:                                                # devtest.feature:3
    Given open the test environment "http://localhost:3000/" # searchPageSteps.openTheTestEnvironment(String)
      java.lang.IllegalStateException: The driver executable does not exist: /usr/local/bin/chromedriver
      	at com.google.common.base.Preconditions.checkState(Preconditions.java:589)
      	at org.openqa.selenium.remote.service.DriverService.checkExecutable(DriverService.java:137)
      	at org.openqa.selenium.remote.service.DriverService.findExecutable(DriverService.java:132)
      	at org.openqa.selenium.chrome.ChromeDriverService.access$000(ChromeDriverService.java:32)
      	at org.openqa.selenium.chrome.ChromeDriverService$Builder.findDefaultExecutable(ChromeDriverService.java:137)
      	at org.openqa.selenium.remote.service.DriverService$Builder.build(DriverService.java:346)
      	at org.openqa.selenium.chrome.ChromeDriverService.createDefaultService(ChromeDriverService.java:88)
      	at org.openqa.selenium.chrome.ChromeDriver.<init>(ChromeDriver.java:158)
      	at br.com.luisdet.interfaces.Driverfactory.OpenBrowserChrome(Driverfactory.java:45)
      	at br.com.luisdet.interfaces.Driverfactory.getDriver(Driverfactory.java:21)
      	at br.com.luisdet.Steps.searchPageSteps.openTheTestEnvironment(searchPageSteps.java:16)
      	at ✽.Given open the test environment "http://localhost:3000/"(devtest.feature:4)

]]></system-out>
  </testcase>
  <testcase name="And navigate on repo &quot;2D-Platformer-Engine&quot;" classname="| 002 | 001 | Search for a repo in input field and check result | 11 | 2D-Platformer-Engine | GuodGameEngine |" time="0">
    <skipped/>
  </testcase>
  <testcase name="When check message on screen github &quot;GuodGameEngine&quot;" classname="| 002 | 001 | Search for a repo in input field and check result | 11 | 2D-Platformer-Engine | GuodGameEngine |" time="0">
    <skipped/>
  </testcase>
  <testcase name="Given open the test environment &quot;http://localhost:3000/&quot;" classname="| 002 | 001 | Search for a repo in input field and check result | 11 | 2D-Platformer-Engine | test123 |" time="0">
    <error message="The driver executable does not exist: /usr/local/bin/chromedriver" type="java.lang.IllegalStateException"><![CDATA[java.lang.IllegalStateException: The driver executable does not exist: /usr/local/bin/chromedriver
]]></error>
    <system-out><![CDATA[
  @regressive2 @e2e
  Scenario Outline: TS:["002"] - [Check Result Page]  - "001" - "Search for a repo in input field and check result" # devtest.feature:32
    When search for a repo "11"                                                                                     # searchPageSteps.searchForARepoRepo(String)
    And navigate on repo "2D-Platformer-Engine"                                                                     # searchPageSteps.navigateOnRepo(String)
    When check message on screen github "GuodGameEngine"                                                            # searchPageSteps.checkMessageOnScreenGithub(String)
]]></system-out>
  </testcase>
  <testcase name="" classname="| 002 | 001 | Search for a repo in input field and check result | 11 | 2D-Platformer-Engine | test123 |" time="0.001">
    <error message="The driver executable does not exist: /usr/local/bin/chromedriver" type="java.lang.IllegalStateException"><![CDATA[java.lang.IllegalStateException: The driver executable does not exist: /usr/local/bin/chromedriver
]]></error>
  </testcase>
  <testcase name="When search for a repo &quot;11&quot;" classname="| 002 | 001 | Search for a repo in input field and check result | 11 | 2D-Platformer-Engine | test123 |" time="0">
    <skipped/>
    <system-out><![CDATA[
  Background:                                                # devtest.feature:3
    Given open the test environment "http://localhost:3000/" # searchPageSteps.openTheTestEnvironment(String)
      java.lang.IllegalStateException: The driver executable does not exist: /usr/local/bin/chromedriver
      	at com.google.common.base.Preconditions.checkState(Preconditions.java:589)
      	at org.openqa.selenium.remote.service.DriverService.checkExecutable(DriverService.java:137)
      	at org.openqa.selenium.remote.service.DriverService.findExecutable(DriverService.java:132)
      	at org.openqa.selenium.chrome.ChromeDriverService.access$000(ChromeDriverService.java:32)
      	at org.openqa.selenium.chrome.ChromeDriverService$Builder.findDefaultExecutable(ChromeDriverService.java:137)
      	at org.openqa.selenium.remote.service.DriverService$Builder.build(DriverService.java:346)
      	at org.openqa.selenium.chrome.ChromeDriverService.createDefaultService(ChromeDriverService.java:88)
      	at org.openqa.selenium.chrome.ChromeDriver.<init>(ChromeDriver.java:158)
      	at br.com.luisdet.interfaces.Driverfactory.OpenBrowserChrome(Driverfactory.java:45)
      	at br.com.luisdet.interfaces.Driverfactory.getDriver(Driverfactory.java:21)
      	at br.com.luisdet.Steps.searchPageSteps.openTheTestEnvironment(searchPageSteps.java:16)
      	at ✽.Given open the test environment "http://localhost:3000/"(devtest.feature:4)

]]></system-out>
  </testcase>
  <testcase name="And navigate on repo &quot;2D-Platformer-Engine&quot;" classname="| 002 | 001 | Search for a repo in input field and check result | 11 | 2D-Platformer-Engine | test123 |" time="0">
    <skipped/>
  </testcase>
  <testcase name="When check message on screen github &quot;test123&quot;" classname="| 002 | 001 | Search for a repo in input field and check result | 11 | 2D-Platformer-Engine | test123 |" time="0">
    <skipped/>
  </testcase>
  <testcase name="" classname="br.com.luisdet.Runners.Runner" time="0.033">
    <error type="java.lang.NullPointerException"><![CDATA[java.lang.NullPointerException
]]></error>
    <system-out><![CDATA[
  @regressive2 @e2e
  Scenario Outline: TS:["002"] - [Check Result Page]  - "001" - "Search for a repo in input field and check result" # devtest.feature:33
    When search for a repo "11"                                                                                     # searchPageSteps.searchForARepoRepo(String)
    And navigate on repo "2D-Platformer-Engine"                                                                     # searchPageSteps.navigateOnRepo(String)
    When check message on screen github "test123"                                                                   # searchPageSteps.checkMessageOnScreenGithub(String)
Finalizando Testes
#####################################################################################}
                  { CLOSING AUTOMATION ..}
#####################################################################################}
]]></system-out>
  </testcase>
</testsuite>